[0308/105931.295:ERROR:crash_report_database_win.cc(563)] CreateDirectory C:\Program Files (x86)\reports: Отказано в доступе. (0x5)
[0308/105931.298:ERROR:registration_protocol_win.cc(84)] TransactNamedPipe: Канал был закрыт. (0x6D)
[0308/105931.300:ERROR:crash_report_database_win.cc(563)] CreateDirectory C:\Program Files (x86)\reports: Отказано в доступе. (0x5)
[0308/105931.363:ERROR:crashpad_client_win.cc(660)] crash server failed to launch, no dump captured
<<<<<<< HEAD
[0308/224522:ERROR:file_io_win.cc(163)] CreateFile C:\Program Files (x86)\settings.dat: Отказано в доступе. (0x5)
[0308/224522:ERROR:registration_protocol_win.cc(82)] TransactNamedPipe: Канал был закрыт. (0x6D)
[0308/224522:ERROR:file_io_win.cc(163)] CreateFile C:\Program Files (x86)\settings.dat: Отказано в доступе. (0x5)
=======
[0309/111108.848:ERROR:crash_report_database_win.cc(563)] CreateDirectory C:\Program Files (x86)\reports: Отказано в доступе. (0x5)
[0309/111108.853:ERROR:registration_protocol_win.cc(84)] TransactNamedPipe: Канал был закрыт. (0x6D)
[0309/111108.855:ERROR:crash_report_database_win.cc(563)] CreateDirectory C:\Program Files (x86)\reports: Отказано в доступе. (0x5)
[0309/111108.921:ERROR:crashpad_client_win.cc(660)] crash server failed to launch, no dump captured
[0309/113710.215:ERROR:crash_report_database_win.cc(563)] CreateDirectory C:\Program Files (x86)\reports: Отказано в доступе. (0x5)
[0309/113710.219:ERROR:registration_protocol_win.cc(84)] TransactNamedPipe: Канал был закрыт. (0x6D)
[0309/113710.221:ERROR:crash_report_database_win.cc(563)] CreateDirectory C:\Program Files (x86)\reports: Отказано в доступе. (0x5)
[0309/113710.288:ERROR:crashpad_client_win.cc(660)] crash server failed to launch, no dump captured
<<<<<<< HEAD
>>>>>>> 2595510eb0ae53aa7e8a5efa01d135d534e1473f
=======
[0310/175633.477:ERROR:crash_report_database_win.cc(563)] CreateDirectory C:\Program Files (x86)\reports: Отказано в доступе. (0x5)
[0310/175633.508:ERROR:registration_protocol_win.cc(84)] TransactNamedPipe: Канал был закрыт. (0x6D)
[0310/175633.510:ERROR:crash_report_database_win.cc(563)] CreateDirectory C:\Program Files (x86)\reports: Отказано в доступе. (0x5)
[0310/175633.579:ERROR:crashpad_client_win.cc(660)] crash server failed to launch, no dump captured
[0310/175922.010:ERROR:crash_report_database_win.cc(563)] CreateDirectory C:\Program Files (x86)\reports: Отказано в доступе. (0x5)
[0310/175922.014:ERROR:registration_protocol_win.cc(84)] TransactNamedPipe: Канал был закрыт. (0x6D)
[0310/175922.015:ERROR:crash_report_database_win.cc(563)] CreateDirectory C:\Program Files (x86)\reports: Отказано в доступе. (0x5)
[0310/175922.079:ERROR:crashpad_client_win.cc(660)] crash server failed to launch, no dump captured
>>>>>>> 800d18edeedb2f2b333f6f4a24a3ce6f2ba92a8d
